<?xml version="1.0" encoding="UTF-8"?>
<testsuite name="com.sw.book.springboot.web.domain.posts.PostsRepositoryTest" tests="1" skipped="0" failures="0" errors="0" timestamp="2022-01-31T15:54:13" hostname="DESKTOP-1GU80S9" time="0.813">
  <properties/>
  <testcase name="save_contents" classname="com.sw.book.springboot.web.domain.posts.PostsRepositoryTest" time="0.813"/>
  <system-out><![CDATA[00:54:00.933 [Test worker] DEBUG org.springframework.test.context.junit4.SpringJUnit4ClassRunner - SpringJUnit4ClassRunner constructor called with [class com.sw.book.springboot.web.domain.posts.PostsRepositoryTest]
00:54:00.970 [Test worker] DEBUG org.springframework.test.context.BootstrapUtils - Instantiating CacheAwareContextLoaderDelegate from class [org.springframework.test.context.cache.DefaultCacheAwareContextLoaderDelegate]
00:54:01.021 [Test worker] DEBUG org.springframework.test.context.BootstrapUtils - Instantiating BootstrapContext using constructor [public org.springframework.test.context.support.DefaultBootstrapContext(java.lang.Class,org.springframework.test.context.CacheAwareContextLoaderDelegate)]
00:54:01.084 [Test worker] DEBUG org.springframework.test.context.BootstrapUtils - Instantiating TestContextBootstrapper for test class [com.sw.book.springboot.web.domain.posts.PostsRepositoryTest] from class [org.springframework.boot.test.context.SpringBootTestContextBootstrapper]
00:54:01.120 [Test worker] INFO org.springframework.boot.test.context.SpringBootTestContextBootstrapper - Neither @ContextConfiguration nor @ContextHierarchy found for test class [com.sw.book.springboot.web.domain.posts.PostsRepositoryTest], using SpringBootContextLoader
00:54:01.131 [Test worker] DEBUG org.springframework.test.context.support.AbstractContextLoader - Did not detect default resource location for test class [com.sw.book.springboot.web.domain.posts.PostsRepositoryTest]: class path resource [com/sw/book/springboot/web/domain/posts/PostsRepositoryTest-context.xml] does not exist
00:54:01.132 [Test worker] DEBUG org.springframework.test.context.support.AbstractContextLoader - Did not detect default resource location for test class [com.sw.book.springboot.web.domain.posts.PostsRepositoryTest]: class path resource [com/sw/book/springboot/web/domain/posts/PostsRepositoryTestContext.groovy] does not exist
00:54:01.133 [Test worker] INFO org.springframework.test.context.support.AbstractContextLoader - Could not detect default resource locations for test class [com.sw.book.springboot.web.domain.posts.PostsRepositoryTest]: no resource found for suffixes {-context.xml, Context.groovy}.
00:54:01.134 [Test worker] INFO org.springframework.test.context.support.AnnotationConfigContextLoaderUtils - Could not detect default configuration classes for test class [com.sw.book.springboot.web.domain.posts.PostsRepositoryTest]: PostsRepositoryTest does not declare any static, non-private, non-final, nested classes annotated with @Configuration.
00:54:01.260 [Test worker] DEBUG org.springframework.test.context.support.ActiveProfilesUtils - Could not find an 'annotation declaring class' for annotation type [org.springframework.test.context.ActiveProfiles] and class [com.sw.book.springboot.web.domain.posts.PostsRepositoryTest]
00:54:01.681 [Test worker] DEBUG org.springframework.context.annotation.ClassPathScanningCandidateComponentProvider - Identified candidate component class: file [C:\Users\92seo\IdeaProjects\freelec-springboot2-webservice\build\classes\java\main\com\sw\book\springboot\Application.class]
00:54:01.687 [Test worker] INFO org.springframework.boot.test.context.SpringBootTestContextBootstrapper - Found @SpringBootConfiguration com.sw.book.springboot.Application for test class com.sw.book.springboot.web.domain.posts.PostsRepositoryTest
00:54:01.937 [Test worker] DEBUG org.springframework.boot.test.context.SpringBootTestContextBootstrapper - @TestExecutionListeners is not present for class [com.sw.book.springboot.web.domain.posts.PostsRepositoryTest]: using defaults.
00:54:01.938 [Test worker] INFO org.springframework.boot.test.context.SpringBootTestContextBootstrapper - Loaded default TestExecutionListener class names from location [META-INF/spring.factories]: [org.springframework.boot.test.autoconfigure.restdocs.RestDocsTestExecutionListener, org.springframework.boot.test.autoconfigure.web.client.MockRestServiceServerResetTestExecutionListener, org.springframework.boot.test.autoconfigure.web.servlet.MockMvcPrintOnlyOnFailureTestExecutionListener, org.springframework.boot.test.autoconfigure.web.servlet.WebDriverTestExecutionListener, org.springframework.boot.test.mock.mockito.MockitoTestExecutionListener, org.springframework.boot.test.mock.mockito.ResetMocksTestExecutionListener, org.springframework.test.context.web.ServletTestExecutionListener, org.springframework.test.context.support.DirtiesContextBeforeModesTestExecutionListener, org.springframework.test.context.support.DependencyInjectionTestExecutionListener, org.springframework.test.context.support.DirtiesContextTestExecutionListener, org.springframework.test.context.transaction.TransactionalTestExecutionListener, org.springframework.test.context.jdbc.SqlScriptsTestExecutionListener]
00:54:01.987 [Test worker] INFO org.springframework.boot.test.context.SpringBootTestContextBootstrapper - Using TestExecutionListeners: [org.springframework.test.context.web.ServletTestExecutionListener@6899da6a, org.springframework.test.context.support.DirtiesContextBeforeModesTestExecutionListener@335dd3b8, org.springframework.boot.test.mock.mockito.MockitoTestExecutionListener@685f0067, org.springframework.boot.test.autoconfigure.SpringBootDependencyInjectionTestExecutionListener@1b1938f7, org.springframework.test.context.support.DirtiesContextTestExecutionListener@3df5eb74, org.springframework.test.context.transaction.TransactionalTestExecutionListener@60e83f61, org.springframework.test.context.jdbc.SqlScriptsTestExecutionListener@70244723, org.springframework.boot.test.autoconfigure.restdocs.RestDocsTestExecutionListener@22a81750, org.springframework.boot.test.autoconfigure.web.client.MockRestServiceServerResetTestExecutionListener@3094f63a, org.springframework.boot.test.autoconfigure.web.servlet.MockMvcPrintOnlyOnFailureTestExecutionListener@1126c47e, org.springframework.boot.test.autoconfigure.web.servlet.WebDriverTestExecutionListener@43698426, org.springframework.boot.test.mock.mockito.ResetMocksTestExecutionListener@2119098c]
00:54:01.995 [Test worker] DEBUG org.springframework.test.annotation.ProfileValueUtils - Retrieved @ProfileValueSourceConfiguration [null] for test class [com.sw.book.springboot.web.domain.posts.PostsRepositoryTest]
00:54:01.996 [Test worker] DEBUG org.springframework.test.annotation.ProfileValueUtils - Retrieved ProfileValueSource type [class org.springframework.test.annotation.SystemProfileValueSource] for class [com.sw.book.springboot.web.domain.posts.PostsRepositoryTest]
00:54:02.008 [Test worker] DEBUG org.springframework.test.annotation.ProfileValueUtils - Retrieved @ProfileValueSourceConfiguration [null] for test class [com.sw.book.springboot.web.domain.posts.PostsRepositoryTest]
00:54:02.008 [Test worker] DEBUG org.springframework.test.annotation.ProfileValueUtils - Retrieved ProfileValueSource type [class org.springframework.test.annotation.SystemProfileValueSource] for class [com.sw.book.springboot.web.domain.posts.PostsRepositoryTest]
00:54:02.010 [Test worker] DEBUG org.springframework.test.annotation.ProfileValueUtils - Retrieved @ProfileValueSourceConfiguration [null] for test class [com.sw.book.springboot.web.domain.posts.PostsRepositoryTest]
00:54:02.010 [Test worker] DEBUG org.springframework.test.annotation.ProfileValueUtils - Retrieved ProfileValueSource type [class org.springframework.test.annotation.SystemProfileValueSource] for class [com.sw.book.springboot.web.domain.posts.PostsRepositoryTest]
00:54:02.020 [Test worker] DEBUG org.springframework.test.context.support.AbstractDirtiesContextTestExecutionListener - Before test class: context [DefaultTestContext@194f0f65 testClass = PostsRepositoryTest, testInstance = [null], testMethod = [null], testException = [null], mergedContextConfiguration = [WebMergedContextConfiguration@3a59079c testClass = PostsRepositoryTest, locations = '{}', classes = '{class com.sw.book.springboot.Application}', contextInitializerClasses = '[]', activeProfiles = '{}', propertySourceLocations = '{}', propertySourceProperties = '{org.springframework.boot.test.context.SpringBootTestContextBootstrapper=true}', contextCustomizers = set[org.springframework.boot.test.autoconfigure.properties.PropertyMappingContextCustomizer@0, org.springframework.boot.test.autoconfigure.web.servlet.WebDriverContextCustomizerFactory$Customizer@24df28fa, org.springframework.boot.test.context.filter.ExcludeFilterContextCustomizer@696db6db, org.springframework.boot.test.json.DuplicateJsonObjectContextCustomizerFactory$DuplicateJsonObjectContextCustomizer@2b91b40a, org.springframework.boot.test.mock.mockito.MockitoContextCustomizer@0, org.springframework.boot.test.web.client.TestRestTemplateContextCustomizer@74917cde], resourceBasePath = 'src/main/webapp', contextLoader = 'org.springframework.boot.test.context.SpringBootContextLoader', parent = [null]], attributes = map['org.springframework.test.context.web.ServletTestExecutionListener.activateListener' -> true]], class annotated with @DirtiesContext [false] with mode [null].
00:54:02.022 [Test worker] DEBUG org.springframework.test.annotation.ProfileValueUtils - Retrieved @ProfileValueSourceConfiguration [null] for test class [com.sw.book.springboot.web.domain.posts.PostsRepositoryTest]
00:54:02.023 [Test worker] DEBUG org.springframework.test.annotation.ProfileValueUtils - Retrieved ProfileValueSource type [class org.springframework.test.annotation.SystemProfileValueSource] for class [com.sw.book.springboot.web.domain.posts.PostsRepositoryTest]
00:54:02.078 [Test worker] DEBUG org.springframework.test.context.support.TestPropertySourceUtils - Adding inlined properties to environment: {spring.jmx.enabled=false, org.springframework.boot.test.context.SpringBootTestContextBootstrapper=true, server.port=-1}

  .   ____          _            __ _ _
 /\\ / ___'_ __ _ _(_)_ __  __ _ \ \ \ \
( ( )\___ | '_ | '_| | '_ \/ _` | \ \ \ \
 \\/  ___)| |_)| | | | | || (_| |  ) ) ) )
  '  |____| .__|_| |_|_| |_\__, | / / / /
 =========|_|==============|___/=/_/_/_/
 :: Spring Boot ::        (v2.1.7.RELEASE)

2022-02-01 00:54:02.936  INFO 16620 --- [    Test worker] c.s.b.s.w.d.posts.PostsRepositoryTest    : Starting PostsRepositoryTest on DESKTOP-1GU80S9 with PID 16620 (started by 92seo in C:\Users\92seo\IdeaProjects\freelec-springboot2-webservice)
2022-02-01 00:54:02.941  INFO 16620 --- [    Test worker] c.s.b.s.w.d.posts.PostsRepositoryTest    : No active profile set, falling back to default profiles: default
2022-02-01 00:54:04.748  INFO 16620 --- [    Test worker] .s.d.r.c.RepositoryConfigurationDelegate : Bootstrapping Spring Data repositories in DEFAULT mode.
2022-02-01 00:54:04.926  INFO 16620 --- [    Test worker] .s.d.r.c.RepositoryConfigurationDelegate : Finished Spring Data repository scanning in 163ms. Found 1 repository interfaces.
2022-02-01 00:54:05.703  INFO 16620 --- [    Test worker] trationDelegate$BeanPostProcessorChecker : Bean 'org.springframework.transaction.annotation.ProxyTransactionManagementConfiguration' of type [org.springframework.transaction.annotation.ProxyTransactionManagementConfiguration$$EnhancerBySpringCGLIB$$d68f3b33] is not eligible for getting processed by all BeanPostProcessors (for example: not eligible for auto-proxying)
2022-02-01 00:54:06.077  INFO 16620 --- [    Test worker] com.zaxxer.hikari.HikariDataSource       : HikariPool-1 - Starting...
2022-02-01 00:54:06.646  INFO 16620 --- [    Test worker] com.zaxxer.hikari.HikariDataSource       : HikariPool-1 - Start completed.
2022-02-01 00:54:06.851  INFO 16620 --- [    Test worker] o.hibernate.jpa.internal.util.LogHelper  : HHH000204: Processing PersistenceUnitInfo [
	name: default
	...]
2022-02-01 00:54:07.050  INFO 16620 --- [    Test worker] org.hibernate.Version                    : HHH000412: Hibernate Core {5.3.10.Final}
2022-02-01 00:54:07.053  INFO 16620 --- [    Test worker] org.hibernate.cfg.Environment            : HHH000206: hibernate.properties not found
2022-02-01 00:54:07.421  INFO 16620 --- [    Test worker] o.hibernate.annotations.common.Version   : HCANN000001: Hibernate Commons Annotations {5.0.4.Final}
2022-02-01 00:54:07.842  INFO 16620 --- [    Test worker] org.hibernate.dialect.Dialect            : HHH000400: Using dialect: org.hibernate.dialect.MySQL5InnoDBDialect
Hibernate: drop table if exists posts
Hibernate: create table posts (id bigint not null auto_increment, author varchar(255), content TEXT not null, title varchar(500) not null, primary key (id)) engine=InnoDB
2022-02-01 00:54:09.834  INFO 16620 --- [    Test worker] o.h.t.schema.internal.SchemaCreatorImpl  : HHH000476: Executing import script 'org.hibernate.tool.schema.internal.exec.ScriptSourceInputNonExistentImpl@3f65091a'
2022-02-01 00:54:09.843  INFO 16620 --- [    Test worker] j.LocalContainerEntityManagerFactoryBean : Initialized JPA EntityManagerFactory for persistence unit 'default'
2022-02-01 00:54:12.364  INFO 16620 --- [    Test worker] o.s.s.concurrent.ThreadPoolTaskExecutor  : Initializing ExecutorService 'applicationTaskExecutor'
2022-02-01 00:54:12.577  WARN 16620 --- [    Test worker] aWebConfiguration$JpaWebMvcConfiguration : spring.jpa.open-in-view is enabled by default. Therefore, database queries may be performed during view rendering. Explicitly configure spring.jpa.open-in-view to disable this warning
2022-02-01 00:54:13.319  INFO 16620 --- [    Test worker] c.s.b.s.w.d.posts.PostsRepositoryTest    : Started PostsRepositoryTest in 11.214 seconds (JVM running for 16.328)
Hibernate: insert into posts (author, content, title) values (?, ?, ?)
2022-02-01 00:54:13.685  INFO 16620 --- [    Test worker] o.h.h.i.QueryTranslatorFactoryInitiator  : HHH000397: Using ASTQueryTranslatorFactory
Hibernate: select posts0_.id as id1_0_, posts0_.author as author2_0_, posts0_.content as content3_0_, posts0_.title as title4_0_ from posts posts0_
Hibernate: select posts0_.id as id1_0_, posts0_.author as author2_0_, posts0_.content as content3_0_, posts0_.title as title4_0_ from posts posts0_
Hibernate: delete from posts where id=?
]]></system-out>
  <system-err><![CDATA[]]></system-err>
</testsuite>
